This file contains any messages produced by compilers while
running configure, to aid debugging if configure makes a mistake.

It was created by configure, which was
generated by GNU Autoconf 2.59.  Invocation command line was

  $ ./configure 

## --------- ##
## Platform. ##
## --------- ##

hostname = cashmachine
uname -m = i386
uname -r = 6.2-RELEASE
uname -s = FreeBSD
uname -v = FreeBSD 6.2-RELEASE #0: Fri Jan 12 10:40:27 UTC 2007     root@dessler.cse.buffalo.edu:/usr/obj/usr/src/sys/GENERIC 

/usr/bin/uname -p = unknown
/bin/uname -X     = unknown

/bin/arch              = unknown
/usr/bin/arch -k       = unknown
/usr/convex/getsysinfo = unknown
hostinfo               = unknown
/bin/machine           = unknown
/usr/bin/oslevel       = unknown
/bin/universe          = unknown

PATH: /home/luke/Alchemy/achacks
PATH: /home/luke/Alchemy/bin
PATH: /usr/lib/lightdm/lightdm
PATH: /usr/local/sbin
PATH: /usr/local/bin
PATH: /usr/sbin
PATH: /usr/bin
PATH: /sbin
PATH: /bin
PATH: /usr/games
PATH: /home/luke/google_depot/depot_tools/
PATH: /home/luke/Flex4.6/bin
PATH: /home/luke/Alchemy/achacks


## ----------- ##
## Core tests. ##
## ----------- ##

configure:1569: checking for a BSD-compatible install
configure:1624: result: /home/luke/Alchemy/achacks/install -c
configure:1635: checking whether build environment is sane
configure:1678: result: yes
configure:1711: checking for gawk
configure:1727: found /usr/bin/gawk
configure:1737: result: gawk
configure:1747: checking whether make sets $(MAKE)
configure:1767: result: yes
configure:1934: checking whether to enable maintainer-specific portions of Makefiles
configure:1943: result: no
configure:2040: checking build system type
configure:2058: result: i386-unknown-freebsd6.2-gnu
configure:2066: checking host system type
configure:2080: result: i386-unknown-freebsd6.2-gnu
configure:2100: checking for style of include used by make
configure:2128: result: GNU
configure:2199: checking for gcc
configure:2215: found /home/luke/Alchemy/achacks/gcc
configure:2225: result: gcc
configure:2469: checking for C compiler version
configure:2472: gcc --version </dev/null >&5
llvm-gcc (GCC) 4.2.1(llvm) (Based on Apple Inc. build 5530)
Copyright (C) 2007 Free Software Foundation, Inc.
This is free software; see the source for copying conditions.  There is NO
warranty; not even for MERCHANTABILITY or FITNESS FOR A PARTICULAR PURPOSE.

configure:2475: $? = 0
configure:2477: gcc -v </dev/null >&5
Using built-in specs.
Target: i686-pc-linux-gnu
Configured with: ../llvm-gcc4.2-2.1.source/configure --prefix=/home/user/dev/flacc/llvm-gcc4.2-ubuntu-install --enable-llvm=/home/user/dev/flacc/llvm-2.1 --enable-languages=c,c++
Thread model: posix
gcc version 4.2.1(llvm) (Based on Apple Inc. build 5530)
configure:2480: $? = 0
configure:2482: gcc -V </dev/null >&5
configure:2485: $? = 0
configure:2508: checking for C compiler default output file name
configure:2511: gcc    conftest.c  >&5

## ---------------- ##
## Cache variables. ##
## ---------------- ##

ac_cv_build=i386-unknown-freebsd6.2-gnu
ac_cv_build_alias=i386-unknown-freebsd6.2-gnu
ac_cv_env_CC_set=
ac_cv_env_CC_value=
ac_cv_env_CFLAGS_set=
ac_cv_env_CFLAGS_value=
ac_cv_env_CPPFLAGS_set=
ac_cv_env_CPPFLAGS_value=
ac_cv_env_CPP_set=
ac_cv_env_CPP_value=
ac_cv_env_CXXCPP_set=
ac_cv_env_CXXCPP_value=
ac_cv_env_CXXFLAGS_set=
ac_cv_env_CXXFLAGS_value=
ac_cv_env_CXX_set=
ac_cv_env_CXX_value=
ac_cv_env_F77_set=
ac_cv_env_F77_value=
ac_cv_env_FFLAGS_set=
ac_cv_env_FFLAGS_value=
ac_cv_env_LDFLAGS_set=
ac_cv_env_LDFLAGS_value=
ac_cv_env_build_alias_set=
ac_cv_env_build_alias_value=
ac_cv_env_host_alias_set=
ac_cv_env_host_alias_value=
ac_cv_env_target_alias_set=
ac_cv_env_target_alias_value=
ac_cv_host=i386-unknown-freebsd6.2-gnu
ac_cv_host_alias=i386-unknown-freebsd6.2-gnu
ac_cv_path_install='/home/luke/Alchemy/achacks/install -c'
ac_cv_prog_AWK=gawk
ac_cv_prog_ac_ct_CC=gcc
ac_cv_prog_make_make_set=yes

## ----------------- ##
## Output variables. ##
## ----------------- ##

ACLOCAL='${SHELL} /home/luke/flac-as3-alchemy-wrapper/flac-1.2.1/missing --run aclocal-1.7'
ACLOCAL_AMFLAGS=''
AMDEPBACKSLASH='\'
AMDEP_FALSE='#'
AMDEP_TRUE=''
AMTAR='${SHELL} /home/luke/flac-as3-alchemy-wrapper/flac-1.2.1/missing --run tar'
AR=''
AS=''
AUTOCONF='${SHELL} /home/luke/flac-as3-alchemy-wrapper/flac-1.2.1/missing --run autoconf'
AUTOHEADER='${SHELL} /home/luke/flac-as3-alchemy-wrapper/flac-1.2.1/missing --run autoheader'
AUTOMAKE='${SHELL} /home/luke/flac-as3-alchemy-wrapper/flac-1.2.1/missing --run automake-1.7'
AWK='gawk'
CC='gcc'
CCAS=''
CCASFLAGS=''
CCDEPMODE=''
CFLAGS=''
CPP=''
CPPFLAGS=''
CXX=''
CXXCPP=''
CXXDEPMODE=''
CXXFLAGS=''
CYGPATH_W='echo'
DEBUG_FALSE=''
DEBUG_TRUE=''
DEFS=''
DEPDIR='.deps'
DOCBOOK_TO_MAN=''
DOXYGEN=''
ECHO='echo'
ECHO_C=''
ECHO_N='-n'
ECHO_T=''
EGREP=''
EXEEXT=''
F77=''
FFLAGS=''
FLAC__TEST_LEVEL=''
FLAC__TEST_WITH_VALGRIND=''
FLaC__CPU_IA32_FALSE=''
FLaC__CPU_IA32_TRUE=''
FLaC__CPU_PPC_FALSE=''
FLaC__CPU_PPC_TRUE=''
FLaC__CPU_SPARC_FALSE=''
FLaC__CPU_SPARC_TRUE=''
FLaC__HAS_AS_FALSE=''
FLaC__HAS_AS_TRUE=''
FLaC__HAS_AS__TEMPORARILY_DISABLED_FALSE=''
FLaC__HAS_AS__TEMPORARILY_DISABLED_TRUE=''
FLaC__HAS_DOCBOOK_TO_MAN_FALSE=''
FLaC__HAS_DOCBOOK_TO_MAN_TRUE=''
FLaC__HAS_DOXYGEN_FALSE=''
FLaC__HAS_DOXYGEN_TRUE=''
FLaC__HAS_GAS_FALSE=''
FLaC__HAS_GAS_TRUE=''
FLaC__HAS_GAS__TEMPORARILY_DISABLED_FALSE=''
FLaC__HAS_GAS__TEMPORARILY_DISABLED_TRUE=''
FLaC__HAS_NASM_FALSE=''
FLaC__HAS_NASM_TRUE=''
FLaC__HAS_OGG_FALSE=''
FLaC__HAS_OGG_TRUE=''
FLaC__HAS_XMMS_FALSE=''
FLaC__HAS_XMMS_TRUE=''
FLaC__INSTALL_XMMS_PLUGIN_LOCALLY_FALSE=''
FLaC__INSTALL_XMMS_PLUGIN_LOCALLY_TRUE=''
FLaC__NO_ASM_FALSE=''
FLaC__NO_ASM_TRUE=''
FLaC__SSE_OS_FALSE=''
FLaC__SSE_OS_TRUE=''
FLaC__SYS_DARWIN_FALSE=''
FLaC__SYS_DARWIN_TRUE=''
FLaC__SYS_LINUX_FALSE=''
FLaC__SYS_LINUX_TRUE=''
FLaC__USE_3DNOW_FALSE=''
FLaC__USE_3DNOW_TRUE=''
FLaC__USE_ALTIVEC_FALSE=''
FLaC__USE_ALTIVEC_TRUE=''
FLaC__WITH_CPPLIBS_FALSE=''
FLaC__WITH_CPPLIBS_TRUE=''
GAS=''
INSTALL_DATA='${INSTALL} -m 644'
INSTALL_PROGRAM='${INSTALL}'
INSTALL_SCRIPT='${INSTALL}'
INSTALL_STRIP_PROGRAM='${SHELL} $(install_sh) -c -s'
LDFLAGS=''
LIBICONV=''
LIBOBJS=''
LIBS=''
LIBTOOL=''
LN_S=''
LTLIBICONV=''
LTLIBOBJS=''
MAINT='#'
MAINTAINER_MODE_FALSE=''
MAINTAINER_MODE_TRUE='#'
MAKEINFO='${SHELL} /home/luke/flac-as3-alchemy-wrapper/flac-1.2.1/missing --run makeinfo'
MINGW_WINSOCK_LIBS=''
NASM=''
OBJEXT=''
OBJ_FORMAT=''
OGG_CFLAGS=''
OGG_LIBS=''
PACKAGE='flac'
PACKAGE_BUGREPORT=''
PACKAGE_NAME=''
PACKAGE_STRING=''
PACKAGE_TARNAME=''
PACKAGE_VERSION=''
PATH_SEPARATOR=':'
RANLIB=''
SET_MAKE=''
SHELL='/bin/bash'
STRIP=''
VERSION='1.2.1'
XMMS_CFLAGS=''
XMMS_CONFIG=''
XMMS_DATA_DIR=''
XMMS_EFFECT_PLUGIN_DIR=''
XMMS_GENERAL_PLUGIN_DIR=''
XMMS_INPUT_PLUGIN_DIR=''
XMMS_LIBS=''
XMMS_OUTPUT_PLUGIN_DIR=''
XMMS_PLUGIN_DIR=''
XMMS_VERSION=''
XMMS_VISUALIZATION_PLUGIN_DIR=''
ac_ct_AR=''
ac_ct_CC='gcc'
ac_ct_CXX=''
ac_ct_F77=''
ac_ct_RANLIB=''
ac_ct_STRIP=''
am__fastdepCC_FALSE=''
am__fastdepCC_TRUE=''
am__fastdepCXX_FALSE=''
am__fastdepCXX_TRUE=''
am__include='include'
am__leading_dot='.'
am__quote=''
bindir='${exec_prefix}/bin'
build='i386-unknown-freebsd6.2-gnu'
build_alias=''
build_cpu='i386'
build_os='freebsd6.2-gnu'
build_vendor='unknown'
datadir='${prefix}/share'
exec_prefix='NONE'
host='i386-unknown-freebsd6.2-gnu'
host_alias=''
host_cpu='i386'
host_os='freebsd6.2-gnu'
host_vendor='unknown'
includedir='${prefix}/include'
infodir='${prefix}/info'
install_sh='/home/luke/flac-as3-alchemy-wrapper/flac-1.2.1/install-sh'
libdir='${exec_prefix}/lib'
libexecdir='${exec_prefix}/libexec'
localstatedir='${prefix}/var'
mandir='${prefix}/man'
oldincludedir='/usr/include'
prefix='NONE'
program_transform_name='s,x,x,'
sbindir='${exec_prefix}/sbin'
sharedstatedir='${prefix}/com'
sysconfdir='${prefix}/etc'
target_alias=''

## ----------- ##
## confdefs.h. ##
## ----------- ##

#define PACKAGE "flac"
#define PACKAGE_BUGREPORT ""
#define PACKAGE_NAME ""
#define PACKAGE_STRING ""
#define PACKAGE_TARNAME ""
#define PACKAGE_VERSION ""
#define VERSION "1.2.1"

configure: caught signal 2
configure: exit 1
